<?xml version="1.0" encoding="UTF-8"?>
<!-- Generated by org.testng.reporters.JUnitReportReporter -->
<testsuite skipped="0" hostname="DESKTOP-IUTETS9" name="rest.Test1" tests="2" failures="0" timestamp="03 Dec 2018 16:18:43 GMT" time="4.212" errors="0">
  <testcase name="testLogging" time="3.424" classname="rest.Test1"/>
  <testcase name="testStatuscode" time="0.788" classname="rest.Test1"/>
</testsuite> <!-- rest.Test1 -->
