<?xml version="1.0" encoding="UTF-8"?>
<!-- Generated by org.testng.reporters.JUnitReportReporter -->
<testsuite skipped="0" hostname="DESKTOP-IUTETS9" name="practice.Sample2" tests="1" failures="0" timestamp="28 Nov 2018 18:32:47 GMT" time="2.520" errors="0">
  <testcase name="launchBrowser" time="2.520" classname="practice.Sample2"/>
</testsuite> <!-- practice.Sample2 -->
