<?xml version="1.0" encoding="UTF-8"?>
<!-- Generated by org.testng.reporters.JUnitReportReporter -->
<testsuite skipped="0" hostname="DESKTOP-IUTETS9" name="practice.Sample3" tests="3" failures="0" timestamp="27 Nov 2018 14:34:40 GMT" time="31.826" errors="0">
  <testcase name="verifyGoogleTitle" time="6.393" classname="practice.Sample3"/>
  <testcase name="verifyYahooTitle" time="16.322" classname="practice.Sample3"/>
  <testcase name="verifygcrShopTitle" time="9.111" classname="practice.Sample3"/>
</testsuite> <!-- practice.Sample3 -->
