<?xml version="1.0" encoding="UTF-8"?>
<!-- Generated by org.testng.reporters.JUnitReportReporter -->
<testsuite skipped="0" hostname="DESKTOP-IUTETS9" name="practice.Sample5" tests="6" failures="0" timestamp="28 Nov 2018 18:28:25 GMT" time="0.028" errors="0">
  <testcase name="login" time="0.015" classname="practice.Sample5"/>
  <testcase name="search" time="0.003" classname="practice.Sample5"/>
  <testcase name="advancedsearch" time="0.002" classname="practice.Sample5"/>
  <testcase name="prepaidrecharge" time="0.002" classname="practice.Sample5"/>
  <testcase name="billpayment" time="0.003" classname="practice.Sample5"/>
  <testcase name="logout" time="0.003" classname="practice.Sample5"/>
</testsuite> <!-- practice.Sample5 -->
