<?xml version="1.0" encoding="UTF-8"?>
<!-- Generated by org.testng.reporters.JUnitReportReporter -->
<testsuite skipped="0" hostname="DESKTOP-IUTETS9" name="practice.Sample" tests="1" failures="0" timestamp="28 Nov 2018 18:32:47 GMT" time="7.335" errors="0">
  <testcase name="verifyTitle" time="7.335" classname="practice.Sample"/>
</testsuite> <!-- practice.Sample -->
