<?xml version="1.0" encoding="UTF-8"?>
<!-- Generated by org.testng.reporters.JUnitReportReporter -->
<testsuite skipped="0" hostname="DESKTOP-IUTETS9" name="practice.Group" tests="3" failures="0" timestamp="28 Nov 2018 18:32:47 GMT" time="0.013" errors="0">
  <testcase name="Homepage" time="0.007" classname="practice.Group"/>
  <testcase name="Login" time="0.004" classname="practice.Group"/>
  <testcase name="Submit" time="0.002" classname="practice.Group"/>
</testsuite> <!-- practice.Group -->
