<?xml version="1.0" encoding="UTF-8"?>
<!-- Generated by org.testng.reporters.JUnitReportReporter -->
<testsuite skipped="0" hostname="DESKTOP-IUTETS9" name="practice.Sample4" tests="5" failures="0" timestamp="28 Nov 2018 18:32:47 GMT" time="50.183" errors="0">
  <testcase name="closeBrowser" time="2.081" classname="practice.Sample4"/>
  <testcase name="launchBrowser" time="10.893" classname="practice.Sample4"/>
  <testcase name="verifygcrShopTitle" time="8.283" classname="practice.Sample4"/>
  <testcase name="verifyYahooTitle" time="26.928" classname="practice.Sample4"/>
  <testcase name="verifyGoogleTitle" time="1.998" classname="practice.Sample4"/>
</testsuite> <!-- practice.Sample4 -->
