<?xml version="1.0" encoding="UTF-8"?>
<!-- Generated by org.testng.reporters.JUnitReportReporter -->
<testsuite skipped="0" hostname="DESKTOP-IUTETS9" name="practice.DataDriven" tests="2" failures="0" timestamp="30 Nov 2018 20:33:53 GMT" time="0.131" errors="0">
  <testcase name="setProperties" time="0.112" classname="practice.DataDriven"/>
  <testcase name="getProperties" time="0.019" classname="practice.DataDriven"/>
</testsuite> <!-- practice.DataDriven -->
