<?xml version="1.0" encoding="UTF-8"?>
<!-- Generated by org.testng.reporters.JUnitReportReporter -->
<testsuite skipped="0" hostname="Innovapath-HP" name="com.bl.api.ApiResponse" tests="1" failures="0" timestamp="14 Dec 2018 05:29:39 GMT" time="0.687" errors="0">
  <testcase name="zillowResponce" time="0.687" classname="com.bl.api.ApiResponse"/>
</testsuite> <!-- com.bl.api.ApiResponse -->
