<?xml version="1.0" encoding="UTF-8"?>
<!-- Generated by org.testng.reporters.JUnitReportReporter -->
<testsuite skipped="0" hostname="Innovapath-HP" name="com.bl.base.Base" tests="1" failures="0" timestamp="14 Dec 2018 08:09:21 GMT" time="11.006" errors="0">
  <testcase name="beforeClass" time="11.006" classname="com.bl.base.Base"/>
</testsuite> <!-- com.bl.base.Base -->
