<?xml version="1.0" encoding="UTF-8"?>
<!-- Generated by org.testng.reporters.JUnitReportReporter -->
<testsuite skipped="0" hostname="Innovapath-HP" name="com.bl.api.ApiResponse" tests="1" failures="0" timestamp="10 Dec 2018 16:14:27 GMT" time="2.240" errors="0">
  <testcase name="zillowResponce" time="2.240" classname="com.bl.api.ApiResponse"/>
</testsuite> <!-- com.bl.api.ApiResponse -->
