<?xml version="1.0" encoding="UTF-8"?>
<!-- Generated by org.testng.reporters.JUnitReportReporter -->
<testsuite skipped="0" hostname="DESKTOP-IUTETS9" name="TestNG.NewTest" tests="2" failures="0" timestamp="30 Oct 2018 22:32:18 GMT" time="0.017" errors="0">
  <testcase name="testCase1" time="0.010" classname="TestNG.NewTest"/>
  <testcase name="testCase2" time="0.007" classname="TestNG.NewTest"/>
</testsuite> <!-- TestNG.NewTest -->
